Traceback (most recent call last):
  File "D:\Python\lib\site-packages\kivy\lang\builder.py", line 249, in create_handler
    return eval(value, idmap), bound_list
  File "<string>", line 26, in <module>
TypeError: _() takes 2 positional arguments but 4 were given

During handling of the above exception, another exception occurred:

Traceback (most recent call last):
  File "D:\Python\lib\site-packages\kivy\lang\builder.py", line 692, in _apply_rule
    rctx['ids'])
  File "D:\Python\lib\site-packages\kivy\lang\builder.py", line 254, in create_handler
    cause=tb)
kivy.lang.builder.BuilderException: Parser: File "<inline>", line 26:
...
     24:            color: app.theme_cls.primary_color
     25:            font_size: '18sp'
>>   26:            text: app.translation._('Добавление записи','/n','Тип боли')
     27:
     28:        GridLayout:
...
TypeError: _() takes 2 positional arguments but 4 were given
  File "D:\Python\lib\site-packages\kivy\lang\builder.py", line 249, in create_handler
    return eval(value, idmap), bound_list
  File "<string>", line 26, in <module>


During handling of the above exception, another exception occurred:

Traceback (most recent call last):
  File "D:/учеба/Мигребот/main.py", line 66, in main
    app.run()
  File "D:\Python\lib\site-packages\kivy\app.py", line 829, in run
    root = self.build()
  File "D:\учеба\Мигребот\migren.py", line 75, in build
    self.screen = StartScreen()
  File "D:\Python\lib\site-packages\kivy\uix\boxlayout.py", line 145, in __init__
    super(BoxLayout, self).__init__(**kwargs)
  File "D:\Python\lib\site-packages\kivy\uix\layout.py", line 76, in __init__
    super(Layout, self).__init__(**kwargs)
  File "D:\Python\lib\site-packages\kivy\uix\widget.py", line 361, in __init__
    rule_children=rule_children)
  File "D:\Python\lib\site-packages\kivy\uix\widget.py", line 469, in apply_class_lang_rules
    rule_children=rule_children)
  File "D:\Python\lib\site-packages\kivy\lang\builder.py", line 538, in apply
    rule_children=rule_children)
  File "D:\Python\lib\site-packages\kivy\lang\builder.py", line 659, in _apply_rule
    child, crule, rootrule, rule_children=rule_children)
  File "D:\Python\lib\site-packages\kivy\lang\builder.py", line 659, in _apply_rule
    child, crule, rootrule, rule_children=rule_children)
  File "D:\Python\lib\site-packages\kivy\lang\builder.py", line 659, in _apply_rule
    child, crule, rootrule, rule_children=rule_children)
  File "D:\Python\lib\site-packages\kivy\lang\builder.py", line 657, in _apply_rule
    root=rctx['ids']['root'], rule_children=rule_children)
  File "D:\Python\lib\site-packages\kivy\uix\widget.py", line 469, in apply_class_lang_rules
    rule_children=rule_children)
  File "D:\Python\lib\site-packages\kivy\lang\builder.py", line 538, in apply
    rule_children=rule_children)
  File "D:\Python\lib\site-packages\kivy\lang\builder.py", line 707, in _apply_rule
    e), cause=tb)
kivy.lang.builder.BuilderException: Parser: File "<inline>", line 26:
...
     24:            color: app.theme_cls.primary_color
     25:            font_size: '18sp'
>>   26:            text: app.translation._('Добавление записи','/n','Тип боли')
     27:
     28:        GridLayout:
...
BuilderException: Parser: File "<inline>", line 26:
...
     24:            color: app.theme_cls.primary_color
     25:            font_size: '18sp'
>>   26:            text: app.translation._('Добавление записи','/n','Тип боли')
     27:
     28:        GridLayout:
...
TypeError: _() takes 2 positional arguments but 4 were given
  File "D:\Python\lib\site-packages\kivy\lang\builder.py", line 249, in create_handler
    return eval(value, idmap), bound_list
  File "<string>", line 26, in <module>

  File "D:\Python\lib\site-packages\kivy\lang\builder.py", line 692, in _apply_rule
    rctx['ids'])
  File "D:\Python\lib\site-packages\kivy\lang\builder.py", line 254, in create_handler
    cause=tb)

